<?xml version="1.0" encoding="UTF-8" ?>
<testsuite tests="3" failures="0" name="Pages.studentRegistrationFormTest" time="15.813" errors="0" skipped="0">
  <properties>
    <property name="JOB_NAME" value="ToolsQATestJob"/>
    <property name="java.vendor" value="Oracle Corporation"/>
    <property name="sun.java.launcher" value="SUN_STANDARD"/>
    <property name="RUN_TESTS_DISPLAY_URL" value="http://localhost:8080/job/ToolsQATestJob/12/display/redirect?page=tests"/>
    <property name="NUMBER_OF_PROCESSORS" value="2"/>
    <property name="sun.management.compiler" value="HotSpot 64-Bit Tiered Compilers"/>
    <property name="JENKINS_HOME" value="C:\Users\Rajib Deb\.jenkins"/>
    <property name="HUDSON_SERVER_COOKIE" value="8aaaf1f025ce8317"/>
    <property name="POM_ARTIFACTID" value="FrameWork.V.1"/>
    <property name="os.name" value="Windows 10"/>
    <property name="EXECUTOR_NUMBER" value="0"/>
    <property name="PATHEXT" value=".COM;.EXE;.BAT;.CMD;.VBS;.VBE;.JS;.JSE;.WSF;.WSH;.MSC"/>
    <property name="POM_DISPLAYNAME" value="FrameWork.V.1"/>
    <property name="java.vm.specification.vendor" value="Oracle Corporation"/>
    <property name="TEMP" value="C:\Users\RAJIBD~1\AppData\Local\Temp"/>
    <property name="NODE_LABELS" value="master"/>
    <property name="java.runtime.version" value="15+36-1562"/>
    <property name="user.name" value="Rajib Deb"/>
    <property name="guice.disable.misplaced.annotation.check" value="true"/>
    <property name="CommonProgramW6432" value="C:\Program Files\Common Files"/>
    <property name="ProgramFiles" value="C:\Program Files"/>
    <property name="PROMPT" value="$P$G"/>
    <property name="user.language" value="en"/>
    <property name="JOB_BASE_NAME" value="ToolsQATestJob"/>
    <property name="RUN_CHANGES_DISPLAY_URL" value="http://localhost:8080/job/ToolsQATestJob/12/display/redirect?page=changes"/>
    <property name="BUILD_DISPLAY_NAME" value="#12"/>
    <property name="OneDrive" value="C:\Users\Rajib Deb\OneDrive"/>
    <property name="sun.boot.library.path" value="C:\Program Files\Java\jdk-15\bin"/>
    <property name="java.vm.compressedOopsMode" value="32-bit"/>
    <property name="LOCALAPPDATA" value="C:\Users\Rajib Deb\AppData\Local"/>
    <property name="java.version" value="15"/>
    <property name="user.timezone" value="Asia/Calcutta"/>
    <property name="PROCESSOR_LEVEL" value="21"/>
    <property name="USERNAME" value="Rajib Deb"/>
    <property name="sun.arch.data.model" value="64"/>
    <property name="NODE_NAME" value="master"/>
    <property name="OneDriveConsumer" value="C:\Users\Rajib Deb\OneDrive"/>
    <property name="BUILD_ID" value="12"/>
    <property name="sun.cpu.isalist" value="amd64"/>
    <property name="sun.jnu.encoding" value="Cp1252"/>
    <property name="maven.conf" value="C:\Users\Rajib Deb\.jenkins\tools\hudson.tasks.Maven_MavenInstallation\TestMaven\conf"/>
    <property name="HOMEDRIVE" value="C:"/>
    <property name="file.separator" value="\"/>
    <property name="java.specification.name" value="Java Platform API Specification"/>
    <property name="java.class.version" value="59.0"/>
    <property name="=::" value="::\"/>
    <property name="org.slf4j.simpleLogger.defaultLogLevel" value="info"/>
    <property name="user.country" value="IN"/>
    <property name="ALLUSERSPROFILE" value="C:\ProgramData"/>
    <property name="java.home" value="C:\Program Files\Java\jdk-15"/>
    <property name="java.vm.info" value="mixed mode, sharing"/>
    <property name="os.version" value="10.0"/>
    <property name="=ExitCode" value="00000000"/>
    <property name="RUN_DISPLAY_URL" value="http://localhost:8080/job/ToolsQATestJob/12/display/redirect"/>
    <property name="POM_VERSION" value="0.0.1-SNAPSHOT"/>
    <property name="TMP" value="C:\Users\RAJIBD~1\AppData\Local\Temp"/>
    <property name="path.separator" value=";"/>
    <property name="RUN_ARTIFACTS_DISPLAY_URL" value="http://localhost:8080/job/ToolsQATestJob/12/display/redirect?page=artifacts"/>
    <property name="java.vm.version" value="15+36-1562"/>
    <property name="user.variant" value=""/>
    <property name="CommonProgramFiles(x86)" value="C:\Program Files (x86)\Common Files"/>
    <property name="JOB_DISPLAY_URL" value="http://localhost:8080/job/ToolsQATestJob/display/redirect"/>
    <property name="USERDOMAIN_ROAMINGPROFILE" value="DESKTOP-97PDBKT"/>
    <property name="CommonProgramFiles" value="C:\Program Files\Common Files"/>
    <property name="sun.io.unicode.encoding" value="UnicodeLittle"/>
    <property name="JAVA_HOME" value="C:\Program Files\Java\jdk-15"/>
    <property name="ComSpec" value="C:\WINDOWS\system32\cmd.exe"/>
    <property name="HOMEPATH" value="\Users\Rajib Deb"/>
    <property name="POM_PACKAGING" value="jar"/>
    <property name="COMPUTERNAME" value="DESKTOP-97PDBKT"/>
    <property name="user.script" value=""/>
    <property name="POM_GROUPID" value="SeleniumFrameWork"/>
    <property name="user.home" value="C:\Users\Rajib Deb"/>
    <property name="PUBLIC" value="C:\Users\Public"/>
    <property name="BUILD_TAG" value="jenkins-ToolsQATestJob-12"/>
    <property name="JENKINS_SERVER_COOKIE" value="8aaaf1f025ce8317"/>
    <property name="HUDSON_URL" value="http://localhost:8080/"/>
    <property name="ProgramData" value="C:\ProgramData"/>
    <property name="java.version.date" value="2020-09-15"/>
    <property name="java.specification.vendor" value="Oracle Corporation"/>
    <property name="USERPROFILE" value="C:\Users\Rajib Deb"/>
    <property name="CLASSPATH" value=""/>
    <property name="java.library.path" value="C:\Program Files\Java\jdk-15\bin;C:\WINDOWS\Sun\Java\bin;C:\WINDOWS\system32;C:\WINDOWS;C:\Users\Rajib Deb\.jenkins\tools\hudson.tasks.Maven_MavenInstallation\TestMaven/bin;C:\Program Files\Java\jdk-15/bin;C:\Program Files\Java\jdk-15/bin;C:\Program Files (x86)\Common Files\Oracle\Java\javapath;C:\WINDOWS\system32;C:\WINDOWS;C:\WINDOWS\System32\Wbem;C:\WINDOWS\System32\WindowsPowerShell\v1.0\;C:\WINDOWS\System32\OpenSSH\;C:\;C:\bin;C:\Program Files\Git\cmd;C:\Users\Rajib Deb\AppData\Local\Programs\Python\Python38-32\Scripts\;C:\Users\Rajib Deb\AppData\Local\Programs\Python\Python38-32\;C:\Users\Rajib Deb\AppData\Local\Microsoft\WindowsApps;;."/>
    <property name="java.vendor.url" value="https://java.oracle.com/"/>
    <property name="java.vm.vendor" value="Oracle Corporation"/>
    <property name="APPDATA" value="C:\Users\Rajib Deb\AppData\Roaming"/>
    <property name="java.runtime.name" value="Java(TM) SE Runtime Environment"/>
    <property name="maven.home" value="C:\Users\Rajib Deb\.jenkins\tools\hudson.tasks.Maven_MavenInstallation\TestMaven"/>
    <property name="java.class.path" value="C:\Users\Rajib Deb\.jenkins\plugins\maven-plugin\WEB-INF\lib\maven35-agent-1.13.jar;C:\Users\Rajib Deb\.jenkins\tools\hudson.tasks.Maven_MavenInstallation\TestMaven\boot\plexus-classworlds-2.6.0.jar;C:\Users\Rajib Deb\.jenkins\tools\hudson.tasks.Maven_MavenInstallation\TestMaven/conf/logging"/>
    <property name="sun.java.command" value="jenkins.maven3.agent.Maven35Main C:\Users\Rajib Deb\.jenkins\tools\hudson.tasks.Maven_MavenInstallation\TestMaven C:\Users\Rajib Deb\.jenkins\war\WEB-INF\lib\remoting-4.5.jar C:\Users\Rajib Deb\.jenkins\plugins\maven-plugin\WEB-INF\lib\maven35-interceptor-1.13.jar C:\Users\Rajib Deb\.jenkins\plugins\maven-plugin\WEB-INF\lib\maven3-interceptor-commons-1.13.jar 58325"/>
    <property name="Path" value="C:\Program Files\Java\jdk-15/bin;C:\Program Files (x86)\Common Files\Oracle\Java\javapath;C:\WINDOWS\system32;C:\WINDOWS;C:\WINDOWS\System32\Wbem;C:\WINDOWS\System32\WindowsPowerShell\v1.0\;C:\WINDOWS\System32\OpenSSH\;C:\;C:\bin;C:\Program Files\Git\cmd;C:\Users\Rajib Deb\AppData\Local\Programs\Python\Python38-32\Scripts\;C:\Users\Rajib Deb\AppData\Local\Programs\Python\Python38-32\;C:\Users\Rajib Deb\AppData\Local\Microsoft\WindowsApps;"/>
    <property name="jdk.debug" value="release"/>
    <property name="PROCESSOR_ARCHITECTURE" value="AMD64"/>
    <property name="java.vm.specification.name" value="Java Virtual Machine Specification"/>
    <property name="PATH+JDK" value="C:\Program Files\Java\jdk-15/bin"/>
    <property name="SESSIONNAME" value="Console"/>
    <property name="PROCESSOR_IDENTIFIER" value="AMD64 Family 21 Model 112 Stepping 0, AuthenticAMD"/>
    <property name="java.vm.specification.version" value="15"/>
    <property name="M2_HOME" value="C:\Users\Rajib Deb\.jenkins\tools\hudson.tasks.Maven_MavenInstallation\TestMaven"/>
    <property name="sun.cpu.endian" value="little"/>
    <property name="sun.os.patch.level" value=""/>
    <property name="OS" value="Windows_NT"/>
    <property name="java.io.tmpdir" value="C:\Users\RAJIBD~1\AppData\Local\Temp\"/>
    <property name="HUDSON_HOME" value="C:\Users\Rajib Deb\.jenkins"/>
    <property name="PATH+MAVEN" value="C:\Users\Rajib Deb\.jenkins\tools\hudson.tasks.Maven_MavenInstallation\TestMaven/bin"/>
    <property name="ProgramFiles(x86)" value="C:\Program Files (x86)"/>
    <property name="java.vendor.url.bug" value="https://bugreport.java.com/bugreport/"/>
    <property name="BUILD_URL" value="http://localhost:8080/job/ToolsQATestJob/12/"/>
    <property name="SystemRoot" value="C:\WINDOWS"/>
    <property name="os.arch" value="amd64"/>
    <property name="user.dir" value="C:\Rajib\Java\FrameWork.V.1"/>
    <property name="JOB_URL" value="http://localhost:8080/job/ToolsQATestJob/"/>
    <property name="LOGONSERVER" value="\\DESKTOP-97PDBKT"/>
    <property name="USERDOMAIN" value="DESKTOP-97PDBKT"/>
    <property name="MAVEN_HOME" value="C:\Users\Rajib Deb\.jenkins\tools\hudson.tasks.Maven_MavenInstallation\TestMaven"/>
    <property name="line.separator" value="
"/>
    <property name="java.vm.name" value="Java HotSpot(TM) 64-Bit Server VM"/>
    <property name="BUILD_NUMBER" value="12"/>
    <property name="PROCESSOR_REVISION" value="7000"/>
    <property name="JENKINS_URL" value="http://localhost:8080/"/>
    <property name="ProgramW6432" value="C:\Program Files"/>
    <property name="windir" value="C:\WINDOWS"/>
    <property name="=C:" value="c:\Rajib\Java"/>
    <property name="file.encoding" value="Cp1252"/>
    <property name="SystemDrive" value="C:"/>
    <property name="maven3.interceptor" value="C:\Users\Rajib Deb\.jenkins\plugins\maven-plugin\WEB-INF\lib\maven35-interceptor-1.13.jar"/>
    <property name="WORKSPACE_TMP" value="C:\Users\Rajib Deb\.jenkins\workspace\ToolsQATestJob@tmp"/>
    <property name="WORKSPACE" value="C:\Users\Rajib Deb\.jenkins\workspace\ToolsQATestJob"/>
    <property name="maven3.interceptor.common" value="C:\Users\Rajib Deb\.jenkins\plugins\maven-plugin\WEB-INF\lib\maven3-interceptor-commons-1.13.jar"/>
    <property name="PSModulePath" value="C:\Program Files (x86)\WindowsPowerShell\Modules;C:\WINDOWS\system32\WindowsPowerShell\v1.0\Modules;C:\Program Files (x86)\AutoIt3\AutoItX"/>
    <property name="java.specification.version" value="15"/>
    <property name="DriverData" value="C:\Windows\System32\Drivers\DriverData"/>
  </properties>
  <testcase classname="Pages.studentRegistrationFormTest" name="TC1" time="9.746"/>
  <testcase classname="Pages.studentRegistrationFormTest" name="TC2" time="5.45"/>
  <testcase classname="Pages.studentRegistrationFormTest" name="TC3" time="0.617"/>
</testsuite>