<?xml version="1.0" encoding="UTF-8"?>
<!-- Generated by org.testng.reporters.JUnitReportReporter -->
<testsuite skipped="0" hostname="DESKTOP-97PDBKT" name="Pages.studentRegistrationFormTest" tests="2" failures="0" timestamp="30 Sep 2020 15:09:34 GMT" time="18.998" errors="0">
  <testcase name="TC1" time="12.313" classname="Pages.studentRegistrationFormTest"/>
  <testcase name="TC2" time="6.685" classname="Pages.studentRegistrationFormTest"/>
</testsuite> <!-- Pages.studentRegistrationFormTest -->
