<?xml version="1.0" encoding="UTF-8"?>
<!-- Generated by org.testng.reporters.JUnitReportReporter -->
<testsuite hostname="DESKTOP-97PDBKT" failures="0" tests="2" name="Pages.studentRegistrationFormTest" time="22.119" errors="0" timestamp="28 Sep 2020 16:00:45 GMT" skipped="0">
  <testcase classname="Pages.studentRegistrationFormTest" name="TC1" time="12.988"/>
  <testcase classname="Pages.studentRegistrationFormTest" name="TC2" time="9.131"/>
</testsuite> <!-- Pages.studentRegistrationFormTest -->
