<?xml version="1.0" encoding="UTF-8"?>
<!-- Generated by org.testng.reporters.JUnitReportReporter -->
<testsuite hostname="DESKTOP-97PDBKT" failures="0" tests="3" name="Pages.studentRegistrationFormTest" time="22.616" errors="0" timestamp="03 Nov 2020 13:39:12 GMT" skipped="0">
  <testcase classname="Pages.studentRegistrationFormTest" name="TC1" time="11.566"/>
  <testcase classname="Pages.studentRegistrationFormTest" name="TC2" time="6.334"/>
  <testcase classname="Pages.studentRegistrationFormTest" name="TC3" time="4.716"/>
</testsuite> <!-- Pages.studentRegistrationFormTest -->
