<?xml version="1.0" encoding="UTF-8"?>
<!-- Generated by org.testng.reporters.JUnitReportReporter -->
<testsuite hostname="DESKTOP-97PDBKT" failures="0" tests="3" name="Pages.studentRegistrationFormTest" time="26.567" errors="0" timestamp="30 Sep 2020 16:41:48 GMT" skipped="0">
  <testcase classname="Pages.studentRegistrationFormTest" name="TC1" time="13.356"/>
  <testcase classname="Pages.studentRegistrationFormTest" name="TC2" time="9.157"/>
  <testcase classname="Pages.studentRegistrationFormTest" name="TC3" time="4.054"/>
</testsuite> <!-- Pages.studentRegistrationFormTest -->
